C51 COMPILER V9.59.0.0   DELAY                                                             07/31/2020 09:42:39 PAGE 1   


C51 COMPILER V9.59.0.0, COMPILATION OF MODULE DELAY
OBJECT MODULE PLACED IN .\Objects\delay.obj
COMPILER INVOKED BY: C:\Keil_v5\C51\BIN\C51.EXE delay.c OPTIMIZE(8,SPEED) BROWSE DEBUG OBJECTEXTEND PRINT(.\Listings\del
                    -ay.lst) TABS(2) OBJECT(.\Objects\delay.obj)

line level    source

   1          #include "delay.h"
   2          #include "config.h"
   3          
   4          /*延时5us函数*/
   5          void Delay5us()   //@24.000MHz
   6          {
   7   1        unsigned char i;
   8   1      
   9   1        _nop_();
  10   1        _nop_();
  11   1        i = 27;
  12   1        while (--i);
  13   1      }
  14          
  15          /*延时1s函数*/
  16          void Delay1000ms()    //@24.000MHz
  17          {
  18   1        unsigned char i, j, k;
  19   1      
  20   1        _nop_();
  21   1        _nop_();
  22   1        i = 92;
  23   1        j = 50;
  24   1        k = 238;
  25   1        do
  26   1        {
  27   2          do
  28   2          {
  29   3            while (--k);
  30   3          } while (--j);
  31   2        } while (--i);
  32   1      }


MODULE INFORMATION:   STATIC OVERLAYABLE
   CODE SIZE        =     22    ----
   CONSTANT SIZE    =   ----    ----
   XDATA SIZE       =   ----    ----
   PDATA SIZE       =   ----    ----
   DATA SIZE        =   ----    ----
   IDATA SIZE       =   ----    ----
   BIT SIZE         =   ----    ----
END OF MODULE INFORMATION.


C51 COMPILATION COMPLETE.  0 WARNING(S),  0 ERROR(S)
