C51 COMPILER V9.59.0.0   EXPRESSION_TV                                                     07/31/2020 08:14:21 PAGE 1   


C51 COMPILER V9.59.0.0, COMPILATION OF MODULE EXPRESSION_TV
OBJECT MODULE PLACED IN .\Objects\Expression_TV.obj
COMPILER INVOKED BY: C:\Keil_v5\C51\BIN\C51.EXE Expression_TV.c OPTIMIZE(8,SPEED) BROWSE DEBUG OBJECTEXTEND PRINT(.\List
                    -ings\Expression_TV.lst) TABS(2) OBJECT(.\Objects\Expression_TV.obj)

line level    source

   1          #include "15w.h"
   2          
   3          void main(void)
   4          {
   5   1        
   6   1      }


MODULE INFORMATION:   STATIC OVERLAYABLE
   CODE SIZE        =      1    ----
   CONSTANT SIZE    =   ----    ----
   XDATA SIZE       =   ----    ----
   PDATA SIZE       =   ----    ----
   DATA SIZE        =   ----    ----
   IDATA SIZE       =   ----    ----
   BIT SIZE         =   ----    ----
END OF MODULE INFORMATION.


C51 COMPILATION COMPLETE.  0 WARNING(S),  0 ERROR(S)
