C51 COMPILER V9.59.0.0   OLED                                                              07/31/2020 09:51:55 PAGE 1   


C51 COMPILER V9.59.0.0, COMPILATION OF MODULE OLED
OBJECT MODULE PLACED IN .\Objects\oled.obj
COMPILER INVOKED BY: C:\Keil_v5\C51\BIN\C51.EXE oled.c OPTIMIZE(8,SPEED) BROWSE DEBUG OBJECTEXTEND PRINT(.\Listings\oled
                    -.lst) TABS(2) OBJECT(.\Objects\oled.obj)

line level    source

   1          #include "config.h"
   2          #include "oled.h"
   3          #include "oledfont.h"    
   4          
   5          /* OLED的显存
   6          存放格式如下.
   7          [0]0 1 2 3 ... 127  
   8          [1]0 1 2 3 ... 127  
   9          [2]0 1 2 3 ... 127  
  10          [3]0 1 2 3 ... 127  
  11          [4]0 1 2 3 ... 127  
  12          [5]0 1 2 3 ... 127  
  13          [6]0 1 2 3 ... 127  
  14          [7]0 1 2 3 ... 127  */         
  15          void delay_ms(unsigned int ms)
  16          {                         
  17   1        unsigned int a;
  18   1        while(ms)
  19   1        {
  20   2          a=1800;
  21   2          while(a--);
  22   2          ms--;
  23   2        }
  24   1        return;
  25   1      }
  26          #if OLED_MODE==1
              //向SSD1106写入一个字节。
              //dat:要写入的数据/命令
              //cmd:数据/命令标志 0,表示命令;1,表示数据;
              void OLED_WR_Byte(unsigned char dat,unsigned char cmd)
              {
                DATAOUT(dat);     
                if(cmd)
                  OLED_DC_Set();
                else 
                  OLED_DC_Clr();       
                OLED_CS_Clr();
                OLED_WR_Clr();   
                OLED_WR_Set();
                OLED_CS_Set();    
                OLED_DC_Set();   
              }             
              #else
  44          //向SSD1306写入一个字节。
  45          //dat:要写入的数据/命令
  46          //cmd:数据/命令标志 0,表示命令;1,表示数据;
  47          void OLED_WR_Byte(unsigned char dat,unsigned char cmd)
  48          { 
  49   1        unsigned char i;        
  50   1        if(cmd)
  51   1          OLED_DC_Set();
  52   1        else 
  53   1          OLED_DC_Clr();      
  54   1        OLED_CS_Clr();
C51 COMPILER V9.59.0.0   OLED                                                              07/31/2020 09:51:55 PAGE 2   

  55   1        for(i=0;i<8;i++)
  56   1        {       
  57   2          OLED_SCLK_Clr();
  58   2          if(dat&0x80)
  59   2            {
  60   3             OLED_SDIN_Set();
  61   3            }
  62   2      else
  63   2             OLED_SDIN_Clr();
  64   2              OLED_SCLK_Set();
  65   2          dat<<=1;   
  66   2        }             
  67   1        OLED_CS_Set();
  68   1        OLED_DC_Set();      
  69   1      } 
  70          #endif
  71            void OLED_Set_Pos(unsigned char x, unsigned char y) 
  72          { 
  73   1        OLED_WR_Byte(0xb0+y,OLED_CMD);
  74   1        OLED_WR_Byte(((x&0xf0)>>4)|0x10,OLED_CMD);
  75   1        OLED_WR_Byte((x&0x0f)|0x01,OLED_CMD); 
  76   1      }       
  77          //开启OLED显示    
  78          void OLED_Display_On(void)
  79          {
  80   1        OLED_WR_Byte(0X8D,OLED_CMD);  //SET DCDC命令
  81   1        OLED_WR_Byte(0X14,OLED_CMD);  //DCDC ON
  82   1        OLED_WR_Byte(0XAF,OLED_CMD);  //DISPLAY ON
  83   1      }
  84          //关闭OLED显示     
  85          void OLED_Display_Off(void)
  86          {
  87   1        OLED_WR_Byte(0X8D,OLED_CMD);  //SET DCDC命令
  88   1        OLED_WR_Byte(0X10,OLED_CMD);  //DCDC OFF
  89   1        OLED_WR_Byte(0XAE,OLED_CMD);  //DISPLAY OFF
  90   1      }            
  91          //清屏函数,清完屏,整个屏幕是黑色的!和没点亮一样!!!    
  92          void OLED_Clear(void)  
  93          {  
  94   1        unsigned char i,n;        
  95   1        for(i=0;i<8;i++)  
  96   1        {  
  97   2          OLED_WR_Byte (0xb0+i,OLED_CMD);    //设置页地址（0~7）
  98   2          OLED_WR_Byte (0x00,OLED_CMD);      //设置显示位置―列低地址
  99   2          OLED_WR_Byte (0x10,OLED_CMD);      //设置显示位置―列高地址   
 100   2          for(n=0;n<128;n++)OLED_WR_Byte(0,OLED_DATA); 
 101   2        } //更新显示
 102   1      }
 103          
 104          
 105          //在指定位置显示一个字符,包括部分字符
 106          //x:0~127
 107          //y:0~63
 108          //mode:0,反白显示;1,正常显示         
 109          //size:选择字体 16/12 
 110          void OLED_ShowChar(unsigned char x,unsigned char y,unsigned char chr)
 111          {       
 112   1        unsigned char c=0,i=0;  
 113   1          c=chr-' ';//得到偏移后的值      
 114   1          if(x>Max_Column-1){x=0;y=y+2;}
 115   1          if(SIZE ==16)
 116   1            {
C51 COMPILER V9.59.0.0   OLED                                                              07/31/2020 09:51:55 PAGE 3   

 117   2            OLED_Set_Pos(x,y);  
 118   2            for(i=0;i<8;i++)
 119   2            OLED_WR_Byte(F8X16[c*16+i],OLED_DATA);
 120   2            OLED_Set_Pos(x,y+1);
 121   2            for(i=0;i<8;i++)
 122   2            OLED_WR_Byte(F8X16[c*16+i+8],OLED_DATA);
 123   2            }
 124   1            else {  
 125   2              OLED_Set_Pos(x,y+1);
 126   2              for(i=0;i<6;i++)
 127   2              OLED_WR_Byte(F6x8[c][i],OLED_DATA);
 128   2              
 129   2            }
 130   1      }
 131          //m^n函数
 132          unsigned int oled_pow(unsigned char m,unsigned char n)
 133          {
 134   1        unsigned int result=1;   
 135   1        while(n--)result*=m;    
 136   1        return result;
 137   1      }         
 138          //显示2个数字
 139          //x,y :起点坐标  
 140          //len :数字的位数
 141          //size:字体大小
 142          //mode:模式 0,填充模式;1,叠加模式
 143          //num:数值(0~4294967295);       
 144          void OLED_ShowNum(unsigned char x,unsigned char y,unsigned int num,unsigned char len,unsigned char size2)
 145          {           
 146   1        unsigned char t,temp;
 147   1        unsigned char enshow=0;              
 148   1        for(t=0;t<len;t++)
 149   1        {
 150   2          temp=(num/oled_pow(10,len-t-1))%10;
 151   2          if(enshow==0&&t<(len-1))
 152   2          {
 153   3            if(temp==0)
 154   3            {
 155   4              OLED_ShowChar(x+(size2/2)*t,y,' ');
 156   4              continue;
 157   4            }else enshow=1; 
 158   3             
 159   3          }
 160   2          OLED_ShowChar(x+(size2/2)*t,y,temp+'0'); 
 161   2        }
 162   1      } 
 163          //显示一个字符号串
 164          void OLED_ShowString(unsigned char x,unsigned char y,unsigned char *chr)
 165          {
 166   1        unsigned char j=0;
 167   1        while (chr[j]!='\0')
 168   1        {   OLED_ShowChar(x,y,chr[j]);
 169   2            x+=8;
 170   2          if(x>120){x=0;y+=2;}
 171   2            j++;
 172   2        }
 173   1      }
 174          //显示汉字
 175          void OLED_ShowCHinese(unsigned char x,unsigned char y,unsigned char no)
 176          {               
 177   1        unsigned char t,adder=0;
 178   1        OLED_Set_Pos(x,y);  
C51 COMPILER V9.59.0.0   OLED                                                              07/31/2020 09:51:55 PAGE 4   

 179   1          for(t=0;t<16;t++)
 180   1          {
 181   2              OLED_WR_Byte(Hzk[2*no][t],OLED_DATA);
 182   2              adder+=1;
 183   2           }  
 184   1          OLED_Set_Pos(x,y+1);  
 185   1          for(t=0;t<16;t++)
 186   1            { 
 187   2              OLED_WR_Byte(Hzk[2*no+1][t],OLED_DATA);
 188   2              adder+=1;
 189   2            }         
 190   1      }
 191          /***********功能描述：显示显示BMP图片128×64起始点坐标(x,y),x的范围0～127，y为页的范围0～7****************
             -*/
 192          void OLED_DrawBMP(unsigned char x0, unsigned char y0,unsigned char x1, unsigned char y1,unsigned char BMP[
             -])
 193          {   
 194   1       unsigned int j=0;
 195   1       unsigned char x,y;
 196   1        
 197   1        if(y1%8==0) y=y1/8;      
 198   1        else y=y1/8+1;
 199   1        for(y=y0;y<y1;y++)
 200   1        {
 201   2          OLED_Set_Pos(x0,y);
 202   2          for(x=x0;x<x1;x++)
 203   2            {      
 204   3              OLED_WR_Byte(BMP[j++],OLED_DATA);       
 205   3            }
 206   2        }
 207   1      } 
 208          
 209          
 210          //初始化SSD1306             
 211          void OLED_Init(void)
 212          {
 213   1        P1M0 = 0x06;
 214   1        P1M1 = 0x00;
 215   1        OLED_Vcc = 1;
 216   1        OLED_Gnd = 0;
 217   1        OLED_RST_Set();
 218   1        delay_ms(100);
 219   1        OLED_RST_Clr();
 220   1        delay_ms(100);
 221   1        OLED_RST_Set(); 
 222   1        /*          
 223   1        OLED_WR_Byte(0xAE,OLED_CMD);//--turn off oled panel
 224   1        OLED_WR_Byte(0x00,OLED_CMD);//---set low column address
 225   1        OLED_WR_Byte(0x10,OLED_CMD);//---set high column address
 226   1        OLED_WR_Byte(0x40,OLED_CMD);//--set start line address  Set Mapping RAM Display Start Line (0x00~0x3F)
 227   1        OLED_WR_Byte(0x81,OLED_CMD);//--set contrast control register
 228   1        OLED_WR_Byte(0xCF,OLED_CMD); // Set SEG Output Current Brightness
 229   1        OLED_WR_Byte(0xA1,OLED_CMD);//--Set SEG/Column Mapping     0xa0左右反置 0xa1正常
 230   1        OLED_WR_Byte(0xC8,OLED_CMD);//Set COM/Row Scan Direction   0xc0上下反置 0xc8正常
 231   1        OLED_WR_Byte(0xA6,OLED_CMD);//--set normal display
 232   1        OLED_WR_Byte(0xA8,OLED_CMD);//--set multiplex ratio(1 to 64)
 233   1        OLED_WR_Byte(0x3f,OLED_CMD);//--1/64 duty
 234   1        OLED_WR_Byte(0xD3,OLED_CMD);//-set display offset Shift Mapping RAM Counter (0x00~0x3F)
 235   1        OLED_WR_Byte(0x00,OLED_CMD);//-not offset
 236   1        OLED_WR_Byte(0xd5,OLED_CMD);//--set display clock divide ratio/oscillator frequency
 237   1        OLED_WR_Byte(0x80,OLED_CMD);//--set divide ratio, Set Clock as 100 Frames/Sec
 238   1        OLED_WR_Byte(0xD9,OLED_CMD);//--set pre-charge period
C51 COMPILER V9.59.0.0   OLED                                                              07/31/2020 09:51:55 PAGE 5   

 239   1        OLED_WR_Byte(0xF1,OLED_CMD);//Set Pre-Charge as 15 Clocks & Discharge as 1 Clock
 240   1        OLED_WR_Byte(0xDA,OLED_CMD);//--set com pins hardware configuration
 241   1        OLED_WR_Byte(0x12,OLED_CMD);
 242   1        OLED_WR_Byte(0xDB,OLED_CMD);//--set vcomh
 243   1        OLED_WR_Byte(0x40,OLED_CMD);//Set VCOM Deselect Level
 244   1        OLED_WR_Byte(0x20,OLED_CMD);//-Set Page Addressing Mode (0x00/0x01/0x02)
 245   1        OLED_WR_Byte(0x02,OLED_CMD);//
 246   1        OLED_WR_Byte(0x8D,OLED_CMD);//--set Charge Pump enable/disable
 247   1        OLED_WR_Byte(0x14,OLED_CMD);//--set(0x10) disable
 248   1        OLED_WR_Byte(0xA4,OLED_CMD);// Disable Entire Display On (0xa4/0xa5)
 249   1        OLED_WR_Byte(0xA6,OLED_CMD);// Disable Inverse Display On (0xa6/a7) 
 250   1        OLED_WR_Byte(0xAF,OLED_CMD);//--turn on oled panel
 251   1        */
 252   1      
 253   1        OLED_WR_Byte(0xAE,OLED_CMD);//--turn off oled panel
 254   1        OLED_WR_Byte(0x00,OLED_CMD);//---set low column address
 255   1        OLED_WR_Byte(0x10,OLED_CMD);//---set high column address
 256   1        OLED_WR_Byte(0x40,OLED_CMD);//--set start line address  Set Mapping RAM Display Start Line (0x00~0x3F)
 257   1        OLED_WR_Byte(0x81,OLED_CMD);//--set contrast control register
 258   1        OLED_WR_Byte(0xCF,OLED_CMD); // Set SEG Output Current Brightness
 259   1        OLED_WR_Byte(0xA1,OLED_CMD);//--Set SEG/Column Mapping     0xa0左右反置 0xa1正常
 260   1        OLED_WR_Byte(0xC8,OLED_CMD);//Set COM/Row Scan Direction   0xc0上下反置 0xc8正常
 261   1        OLED_WR_Byte(0xA6,OLED_CMD);//--set normal display
 262   1        OLED_WR_Byte(0xA8,OLED_CMD);//--set multiplex ratio(1 to 64)
 263   1        OLED_WR_Byte(0x3f,OLED_CMD);//--1/64 duty
 264   1        OLED_WR_Byte(0xD3,OLED_CMD);//-set display offset Shift Mapping RAM Counter (0x00~0x3F)
 265   1        OLED_WR_Byte(0x00,OLED_CMD);//-not offset
 266   1        OLED_WR_Byte(0xd5,OLED_CMD);//--set display clock divide ratio/oscillator frequency
 267   1        OLED_WR_Byte(0x80,OLED_CMD);//--set divide ratio, Set Clock as 100 Frames/Sec
 268   1        OLED_WR_Byte(0xD9,OLED_CMD);//--set pre-charge period
 269   1        OLED_WR_Byte(0xF1,OLED_CMD);//Set Pre-Charge as 15 Clocks & Discharge as 1 Clock
 270   1        OLED_WR_Byte(0xDA,OLED_CMD);//--set com pins hardware configuration
 271   1        OLED_WR_Byte(0x12,OLED_CMD);
 272   1        OLED_WR_Byte(0xDB,OLED_CMD);//--set vcomh
 273   1        OLED_WR_Byte(0x40,OLED_CMD);//Set VCOM Deselect Level
 274   1        OLED_WR_Byte(0x20,OLED_CMD);//-Set Page Addressing Mode (0x00/0x01/0x02)
 275   1        OLED_WR_Byte(0x02,OLED_CMD);//
 276   1        OLED_WR_Byte(0x8D,OLED_CMD);//--set Charge Pump enable/disable
 277   1        OLED_WR_Byte(0x14,OLED_CMD);//--set(0x10) disable
 278   1        OLED_WR_Byte(0xA4,OLED_CMD);// Disable Entire Display On (0xa4/0xa5)
 279   1        OLED_WR_Byte(0xA6,OLED_CMD);// Disable Inverse Display On (0xa6/a7) 
 280   1        OLED_WR_Byte(0xAF,OLED_CMD);//--turn on oled panel
 281   1        
 282   1        OLED_WR_Byte(0xAF,OLED_CMD); /*display ON*/ 
 283   1        OLED_Clear();
 284   1        OLED_Set_Pos(0,0);  
 285   1      }  
 286          
*** WARNING C294 IN LINE 125 OF oled.c: unreachable code


MODULE INFORMATION:   STATIC OVERLAYABLE
   CODE SIZE        =    912    ----
   CONSTANT SIZE    =   2776    ----
   XDATA SIZE       =   ----    ----
   PDATA SIZE       =   ----    ----
   DATA SIZE        =   ----      27
   IDATA SIZE       =   ----    ----
   BIT SIZE         =   ----    ----
END OF MODULE INFORMATION.


C51 COMPILATION COMPLETE.  1 WARNING(S),  0 ERROR(S)
